<?xml version="1.0" encoding="UTF-8"?>
<!-- Generated by org.testng.reporters.JUnitXMLReporter -->
<testsuite ignored="0" hostname="QSP" failures="1" tests="3" name="Test" time="34.443" errors="0" timestamp="2022-07-04T09:25:33 IST">
  <testcase classname="testNG.Testcase3" name="tc3" time="3.248"/>
  <testcase classname="testNG.Testcase2" name="tc2" time="2.017"/>
  <testcase classname="testNG.Testcase1" name="tc1" time="4.966">
    <failure type="java.lang.AssertionError" message="The following asserts failed:
	expected [facebook] but found [Facebook – log in or sign up]">
      <![CDATA[java.lang.AssertionError: The following asserts failed:
expected [facebook] but found [Facebook – log in or sign up]
at testNG.Testcase1.tc1(Testcase1.java:42)
at java.base/java.util.ArrayList.forEach(ArrayList.java:1511)
... Removed 29 stack frames]]>
    </failure>
  </testcase> <!-- tc1 -->
</testsuite> <!-- Test -->
